2024-08-01 12:26:52 INFO  e.w.r.RepoCheckerApplication - Starting RepoCheckerApplication using Java 21.0.3 with PID 1472 (C:\Users\raczk\IdeaProjects\RepoChecker\build\classes\java\main started by raczk in C:\Users\raczk\IdeaProjects\RepoChecker)
2024-08-01 12:26:52 DEBUG e.w.r.RepoCheckerApplication - Running with Spring Boot v3.2.8, Spring v6.1.11
2024-08-01 12:26:52 INFO  e.w.r.RepoCheckerApplication - The following 1 profile is active: "local"
2024-08-01 12:26:53 INFO  o.s.d.r.c.RepositoryConfigurationDelegate - Bootstrapping Spring Data JPA repositories in DEFAULT mode.
2024-08-01 12:26:54 INFO  o.s.d.r.c.RepositoryConfigurationDelegate - Finished Spring Data repository scanning in 101 ms. Found 2 JPA repository interfaces.
2024-08-01 12:26:55 INFO  o.s.b.w.e.tomcat.TomcatWebServer - Tomcat initialized with port 8080 (http)
2024-08-01 12:26:55 INFO  o.a.coyote.http11.Http11NioProtocol - Initializing ProtocolHandler ["http-nio-8080"]
2024-08-01 12:26:55 INFO  o.a.catalina.core.StandardService - Starting service [Tomcat]
2024-08-01 12:26:55 INFO  o.a.catalina.core.StandardEngine - Starting Servlet engine: [Apache Tomcat/10.1.26]
2024-08-01 12:26:55 INFO  o.a.c.c.C.[Tomcat].[localhost].[/] - Initializing Spring embedded WebApplicationContext
2024-08-01 12:26:55 INFO  o.s.b.w.s.c.ServletWebServerApplicationContext - Root WebApplicationContext: initialization completed in 3140 ms
2024-08-01 12:26:55 INFO  com.zaxxer.hikari.HikariDataSource - HikariPool-1 - Starting...
2024-08-01 12:26:55 INFO  com.zaxxer.hikari.pool.HikariPool - HikariPool-1 - Added connection conn0: url=jdbc:h2:mem:testdb user=SA
2024-08-01 12:26:55 INFO  com.zaxxer.hikari.HikariDataSource - HikariPool-1 - Start completed.
2024-08-01 12:26:55 INFO  o.s.b.a.h.H2ConsoleAutoConfiguration - H2 console available at '/h2-console'. Database available at 'jdbc:h2:mem:testdb'
2024-08-01 12:26:56 INFO  o.h.jpa.internal.util.LogHelper - HHH000204: Processing PersistenceUnitInfo [name: default]
2024-08-01 12:26:56 INFO  org.hibernate.Version - HHH000412: Hibernate ORM core version 6.4.9.Final
2024-08-01 12:26:56 INFO  o.h.c.i.RegionFactoryInitiator - HHH000026: Second-level cache disabled
2024-08-01 12:26:56 INFO  o.s.o.j.p.SpringPersistenceUnitInfo - No LoadTimeWeaver setup: ignoring JPA class transformer
2024-08-01 12:26:59 INFO  o.h.e.t.j.p.i.JtaPlatformInitiator - HHH000489: No JTA platform available (set 'hibernate.transaction.jta.platform' to enable JTA platform integration)
2024-08-01 12:26:59 INFO  o.s.o.j.LocalContainerEntityManagerFactoryBean - Initialized JPA EntityManagerFactory for persistence unit 'default'
2024-08-01 12:27:00 INFO  o.s.d.j.r.query.QueryEnhancerFactory - Hibernate is in classpath; If applicable, HQL parser will be used.
2024-08-01 12:27:01 WARN  o.s.b.a.o.j.JpaBaseConfiguration$JpaWebConfiguration - spring.jpa.open-in-view is enabled by default. Therefore, database queries may be performed during view rendering. Explicitly configure spring.jpa.open-in-view to disable this warning
2024-08-01 12:27:01 INFO  o.s.b.a.w.s.WelcomePageHandlerMapping - Adding welcome page: class path resource [static/index.html]
2024-08-01 12:27:02 INFO  o.a.coyote.http11.Http11NioProtocol - Starting ProtocolHandler ["http-nio-8080"]
2024-08-01 12:27:02 INFO  o.s.b.w.e.tomcat.TomcatWebServer - Tomcat started on port 8080 (http) with context path ''
2024-08-01 12:27:02 INFO  e.w.r.RepoCheckerApplication - Started RepoCheckerApplication in 11.548 seconds (process running for 13.344)
